# JRE version: OpenJDK Runtime Environment (8.0_242-b01) (build 1.8.0_242-release-1644-b01)
# Java VM: OpenJDK 64-Bit Server VM (25.242-b01 mixed mode windows-amd64 compressed oops)
Heap:
 PSYoungGen      total 508416K, used 90596K [0x00000000d5580000, 0x00000000f6b80000, 0x0000000100000000)
  eden space 482816K, 13% used [0x00000000d5580000,0x00000000d94fd428,0x00000000f2d00000)
  from space 25600K, 99% used [0x00000000f4c00000,0x00000000f64fbd48,0x00000000f6500000)
  to   space 31744K, 0% used [0x00000000f2d00000,0x00000000f2d00000,0x00000000f4c00000)
 ParOldGen       total 121856K, used 36539K [0x0000000080000000, 0x0000000087700000, 0x00000000d5580000)
  object space 121856K, 29% used [0x0000000080000000,0x00000000823aed80,0x0000000087700000)
 Metaspace       used 71035K, capacity 73772K, committed 74008K, reserved 1114112K
  class space    used 9659K, capacity 10221K, committed 10288K, reserved 1048576K
GC Heap History (10 events):
Event: 5.504 GC heap before
{Heap before GC invocations=9 (full 2):
 PSYoungGen      total 276992K, used 10370K [0x00000000d5580000, 0x00000000ef480000, 0x0000000100000000)
  eden space 261120K, 0% used [0x00000000d5580000,0x00000000d5580000,0x00000000e5480000)
  from space 15872K, 65% used [0x00000000e5480000,0x00000000e5ea0b60,0x00000000e6400000)
  to   space 15872K, 0% used [0x00000000ee500000,0x00000000ee500000,0x00000000ef480000)
 ParOldGen       total 55808K, used 7262K [0x0000000080000000, 0x0000000083680000, 0x00000000d5580000)
  object space 55808K, 13% used [0x0000000080000000,0x0000000080717868,0x0000000083680000)
 Metaspace       used 34536K, capacity 35368K, committed 35496K, reserved 1079296K
  class space    used 4711K, capacity 4925K, committed 5040K, reserved 1048576K
Event: 5.623 GC heap after
Heap after GC invocations=9 (full 2):
 PSYoungGen      total 276992K, used 0K [0x00000000d5580000, 0x00000000ef480000, 0x0000000100000000)
  eden space 261120K, 0% used [0x00000000d5580000,0x00000000d5580000,0x00000000e5480000)
  from space 15872K, 0% used [0x00000000e5480000,0x00000000e5480000,0x00000000e6400000)
  to   space 15872K, 0% used [0x00000000ee500000,0x00000000ee500000,0x00000000ef480000)
 ParOldGen       total 85504K, used 16604K [0x0000000080000000, 0x0000000085380000, 0x00000000d5580000)
  object space 85504K, 19% used [0x0000000080000000,0x0000000081037378,0x0000000085380000)
 Metaspace       used 34536K, capacity 35368K, committed 35496K, reserved 1079296K
  class space    used 4711K, capacity 4925K, committed 5040K, reserved 1048576K
}
Event: 18.662 GC heap before
{Heap before GC invocations=10 (full 2):
 PSYoungGen      total 276992K, used 261120K [0x00000000d5580000, 0x00000000ef480000, 0x0000000100000000)
  eden space 261120K, 100% used [0x00000000d5580000,0x00000000e5480000,0x00000000e5480000)
  from space 15872K, 0% used [0x00000000e5480000,0x00000000e5480000,0x00000000e6400000)
  to   space 15872K, 0% used [0x00000000ee500000,0x00000000ee500000,0x00000000ef480000)
 ParOldGen       total 85504K, used 16604K [0x0000000080000000, 0x0000000085380000, 0x00000000d5580000)
  object space 85504K, 19% used [0x0000000080000000,0x0000000081037378,0x0000000085380000)
 Metaspace       used 55996K, capacity 57896K, committed 58024K, reserved 1099776K
  class space    used 7580K, capacity 7997K, committed 8112K, reserved 1048576K
Event: 18.700 GC heap after
Heap after GC invocations=10 (full 2):
 PSYoungGen      total 394240K, used 15871K [0x00000000d5580000, 0x00000000ef800000, 0x0000000100000000)
  eden space 378368K, 0% used [0x00000000d5580000,0x00000000d5580000,0x00000000ec700000)
  from space 15872K, 99% used [0x00000000ee500000,0x00000000ef47fc70,0x00000000ef480000)
  to   space 25088K, 0% used [0x00000000ec700000,0x00000000ec700000,0x00000000edf80000)
 ParOldGen       total 85504K, used 31293K [0x0000000080000000, 0x0000000085380000, 0x00000000d5580000)
  object space 85504K, 36% used [0x0000000080000000,0x0000000081e8f6b8,0x0000000085380000)
 Metaspace       used 55996K, capacity 57896K, committed 58024K, reserved 1099776K
  class space    used 7580K, capacity 7997K, committed 8112K, reserved 1048576K
}
Event: 19.204 GC heap before
{Heap before GC invocations=11 (full 2):
 PSYoungGen      total 394240K, used 36902K [0x00000000d5580000, 0x00000000ef800000, 0x0000000100000000)
  eden space 378368K, 5% used [0x00000000d5580000,0x00000000d6a09c58,0x00000000ec700000)
  from space 15872K, 99% used [0x00000000ee500000,0x00000000ef47fc70,0x00000000ef480000)
  to   space 25088K, 0% used [0x00000000ec700000,0x00000000ec700000,0x00000000edf80000)
 ParOldGen       total 85504K, used 31293K [0x0000000080000000, 0x0000000085380000, 0x00000000d5580000)
  object space 85504K, 36% used [0x0000000080000000,0x0000000081e8f6b8,0x0000000085380000)
 Metaspace       used 57138K, capacity 59058K, committed 59160K, reserved 1099776K
  class space    used 7728K, capacity 8166K, committed 8240K, reserved 1048576K
Event: 19.227 GC heap after
Heap after GC invocations=11 (full 2):
 PSYoungGen      total 403456K, used 16762K [0x00000000d5580000, 0x00000000f6500000, 0x0000000100000000)
  eden space 378368K, 0% used [0x00000000d5580000,0x00000000d5580000,0x00000000ec700000)
  from space 25088K, 66% used [0x00000000ec700000,0x00000000ed75e8c8,0x00000000edf80000)
  to   space 25600K, 0% used [0x00000000f4c00000,0x00000000f4c00000,0x00000000f6500000)
 ParOldGen       total 85504K, used 31301K [0x0000000080000000, 0x0000000085380000, 0x00000000d5580000)
  object space 85504K, 36% used [0x0000000080000000,0x0000000081e916b8,0x0000000085380000)
 Metaspace       used 57138K, capacity 59058K, committed 59160K, reserved 1099776K
  class space    used 7728K, capacity 8166K, committed 8240K, reserved 1048576K
}
Event: 19.227 GC heap before
{Heap before GC invocations=12 (full 3):
 PSYoungGen      total 403456K, used 16762K [0x00000000d5580000, 0x00000000f6500000, 0x0000000100000000)
  eden space 378368K, 0% used [0x00000000d5580000,0x00000000d5580000,0x00000000ec700000)
  from space 25088K, 66% used [0x00000000ec700000,0x00000000ed75e8c8,0x00000000edf80000)
  to   space 25600K, 0% used [0x00000000f4c00000,0x00000000f4c00000,0x00000000f6500000)
 ParOldGen       total 85504K, used 31301K [0x0000000080000000, 0x0000000085380000, 0x00000000d5580000)
  object space 85504K, 36% used [0x0000000080000000,0x0000000081e916b8,0x0000000085380000)
 Metaspace       used 57138K, capacity 59058K, committed 59160K, reserved 1099776K
  class space    used 7728K, capacity 8166K, committed 8240K, reserved 1048576K
Event: 19.488 GC heap after
Heap after GC invocations=12 (full 3):
 PSYoungGen      total 403456K, used 0K [0x00000000d5580000, 0x00000000f6500000, 0x0000000100000000)
  eden space 378368K, 0% used [0x00000000d5580000,0x00000000d5580000,0x00000000ec700000)
  from space 25088K, 0% used [0x00000000ec700000,0x00000000ec700000,0x00000000edf80000)
  to   space 25600K, 0% used [0x00000000f4c00000,0x00000000f4c00000,0x00000000f6500000)
 ParOldGen       total 121856K, used 30174K [0x0000000080000000, 0x0000000087700000, 0x00000000d5580000)
  object space 121856K, 24% used [0x0000000080000000,0x0000000081d77b70,0x0000000087700000)
 Metaspace       used 57124K, capacity 59010K, committed 59160K, reserved 1099776K
  class space    used 7724K, capacity 8158K, committed 8240K, reserved 1048576K
}
Event: 30.280 GC heap before
{Heap before GC invocations=13 (full 3):
 PSYoungGen      total 403456K, used 378368K [0x00000000d5580000, 0x00000000f6500000, 0x0000000100000000)
  eden space 378368K, 100% used [0x00000000d5580000,0x00000000ec700000,0x00000000ec700000)
  from space 25088K, 0% used [0x00000000ec700000,0x00000000ec700000,0x00000000edf80000)
  to   space 25600K, 0% used [0x00000000f4c00000,0x00000000f4c00000,0x00000000f6500000)
 ParOldGen       total 121856K, used 30174K [0x0000000080000000, 0x0000000087700000, 0x00000000d5580000)
  object space 121856K, 24% used [0x0000000080000000,0x0000000081d77b70,0x0000000087700000)
 Metaspace       used 68967K, capacity 71452K, committed 71576K, reserved 1112064K
  class space    used 9331K, capacity 9863K, committed 9904K, reserved 1048576K
Event: 30.328 GC heap after
Heap after GC invocations=13 (full 3):
 PSYoungGen      total 508416K, used 25583K [0x00000000d5580000, 0x00000000f6b80000, 0x0000000100000000)
  eden space 482816K, 0% used [0x00000000d5580000,0x00000000d5580000,0x00000000f2d00000)
  from space 25600K, 99% used [0x00000000f4c00000,0x00000000f64fbd48,0x00000000f6500000)
  to   space 31744K, 0% used [0x00000000f2d00000,0x00000000f2d00000,0x00000000f4c00000)
 ParOldGen       total 121856K, used 36539K [0x0000000080000000, 0x0000000087700000, 0x00000000d5580000)
  object space 121856K, 29% used [0x0000000080000000,0x00000000823aed80,0x0000000087700000)
 Metaspace       used 68967K, capacity 71452K, committed 71576K, reserved 1112064K
  class space    used 9331K, capacity 9863K, committed 9904K, reserved 1048576K
}

