# JRE version: OpenJDK Runtime Environment (8.0_242-b01) (build 1.8.0_242-release-1644-b01)
# Java VM: OpenJDK 64-Bit Server VM (25.242-b01 mixed mode windows-amd64 compressed oops)
Heap:
 PSYoungGen      total 275968K, used 37041K [0x00000000d5580000, 0x00000000ee380000, 0x0000000100000000)
  eden space 260096K, 14% used [0x00000000d5580000,0x00000000d79ac788,0x00000000e5380000)
  from space 15872K, 0% used [0x00000000e5380000,0x00000000e5380000,0x00000000e6300000)
  to   space 15872K, 0% used [0x00000000ed400000,0x00000000ed400000,0x00000000ee380000)
 ParOldGen       total 87040K, used 16557K [0x0000000080000000, 0x0000000085500000, 0x00000000d5580000)
  object space 87040K, 19% used [0x0000000080000000,0x000000008102b6d0,0x0000000085500000)
 Metaspace       used 35807K, capacity 36998K, committed 37288K, reserved 1081344K
  class space    used 4920K, capacity 5190K, committed 5296K, reserved 1048576K
GC Heap History (10 events):
Event: 3.814 GC heap before
{Heap before GC invocations=5 (full 0):
 PSYoungGen      total 138240K, used 14089K [0x00000000d5580000, 0x00000000de180000, 0x0000000100000000)
  eden space 133120K, 6% used [0x00000000d5580000,0x00000000d5e4a758,0x00000000dd780000)
  from space 5120K, 99% used [0x00000000ddc80000,0x00000000de178030,0x00000000de180000)
  to   space 5120K, 0% used [0x00000000dd780000,0x00000000dd780000,0x00000000ddc80000)
 ParOldGen       total 87552K, used 10770K [0x0000000080000000, 0x0000000085580000, 0x00000000d5580000)
  object space 87552K, 12% used [0x0000000080000000,0x0000000080a84be8,0x0000000085580000)
 Metaspace       used 20664K, capacity 21182K, committed 21296K, reserved 1067008K
  class space    used 2904K, capacity 3091K, committed 3120K, reserved 1048576K
Event: 3.822 GC heap after
Heap after GC invocations=5 (full 0):
 PSYoungGen      total 138240K, used 5092K [0x00000000d5580000, 0x00000000e7280000, 0x0000000100000000)
  eden space 133120K, 0% used [0x00000000d5580000,0x00000000d5580000,0x00000000dd780000)
  from space 5120K, 99% used [0x00000000dd780000,0x00000000ddc79050,0x00000000ddc80000)
  to   space 12800K, 0% used [0x00000000e6600000,0x00000000e6600000,0x00000000e7280000)
 ParOldGen       total 87552K, used 11198K [0x0000000080000000, 0x0000000085580000, 0x00000000d5580000)
  object space 87552K, 12% used [0x0000000080000000,0x0000000080aefa58,0x0000000085580000)
 Metaspace       used 20664K, capacity 21182K, committed 21296K, reserved 1067008K
  class space    used 2904K, capacity 3091K, committed 3120K, reserved 1048576K
}
Event: 3.822 GC heap before
{Heap before GC invocations=6 (full 1):
 PSYoungGen      total 138240K, used 5092K [0x00000000d5580000, 0x00000000e7280000, 0x0000000100000000)
  eden space 133120K, 0% used [0x00000000d5580000,0x00000000d5580000,0x00000000dd780000)
  from space 5120K, 99% used [0x00000000dd780000,0x00000000ddc79050,0x00000000ddc80000)
  to   space 12800K, 0% used [0x00000000e6600000,0x00000000e6600000,0x00000000e7280000)
 ParOldGen       total 87552K, used 11198K [0x0000000080000000, 0x0000000085580000, 0x00000000d5580000)
  object space 87552K, 12% used [0x0000000080000000,0x0000000080aefa58,0x0000000085580000)
 Metaspace       used 20664K, capacity 21182K, committed 21296K, reserved 1067008K
  class space    used 2904K, capacity 3091K, committed 3120K, reserved 1048576K
Event: 3.878 GC heap after
Heap after GC invocations=6 (full 1):
 PSYoungGen      total 138240K, used 0K [0x00000000d5580000, 0x00000000e7280000, 0x0000000100000000)
  eden space 133120K, 0% used [0x00000000d5580000,0x00000000d5580000,0x00000000dd780000)
  from space 5120K, 0% used [0x00000000dd780000,0x00000000dd780000,0x00000000ddc80000)
  to   space 12800K, 0% used [0x00000000e6600000,0x00000000e6600000,0x00000000e7280000)
 ParOldGen       total 56832K, used 6952K [0x0000000080000000, 0x0000000083780000, 0x00000000d5580000)
  object space 56832K, 12% used [0x0000000080000000,0x00000000806ca2a0,0x0000000083780000)
 Metaspace       used 20664K, capacity 21182K, committed 21296K, reserved 1067008K
  class space    used 2904K, capacity 3091K, committed 3120K, reserved 1048576K
}
Event: 5.409 GC heap before
{Heap before GC invocations=7 (full 1):
 PSYoungGen      total 138240K, used 133120K [0x00000000d5580000, 0x00000000e7280000, 0x0000000100000000)
  eden space 133120K, 100% used [0x00000000d5580000,0x00000000dd780000,0x00000000dd780000)
  from space 5120K, 0% used [0x00000000dd780000,0x00000000dd780000,0x00000000ddc80000)
  to   space 12800K, 0% used [0x00000000e6600000,0x00000000e6600000,0x00000000e7280000)
 ParOldGen       total 56832K, used 6952K [0x0000000080000000, 0x0000000083780000, 0x00000000d5580000)
  object space 56832K, 12% used [0x0000000080000000,0x00000000806ca2a0,0x0000000083780000)
 Metaspace       used 32117K, capacity 32856K, committed 33072K, reserved 1077248K
  class space    used 4380K, capacity 4585K, committed 4656K, reserved 1048576K
Event: 5.429 GC heap after
Heap after GC invocations=7 (full 1):
 PSYoungGen      total 239104K, used 12781K [0x00000000d5580000, 0x00000000e7280000, 0x0000000100000000)
  eden space 226304K, 0% used [0x00000000d5580000,0x00000000d5580000,0x00000000e3280000)
  from space 12800K, 99% used [0x00000000e6600000,0x00000000e727b730,0x00000000e7280000)
  to   space 15872K, 0% used [0x00000000e5380000,0x00000000e5380000,0x00000000e6300000)
 ParOldGen       total 56832K, used 7779K [0x0000000080000000, 0x0000000083780000, 0x00000000d5580000)
  object space 56832K, 13% used [0x0000000080000000,0x0000000080798d90,0x0000000083780000)
 Metaspace       used 32117K, capacity 32856K, committed 33072K, reserved 1077248K
  class space    used 4380K, capacity 4585K, committed 4656K, reserved 1048576K
}
Event: 7.214 GC heap before
{Heap before GC invocations=8 (full 1):
 PSYoungGen      total 239104K, used 69466K [0x00000000d5580000, 0x00000000e7280000, 0x0000000100000000)
  eden space 226304K, 25% used [0x00000000d5580000,0x00000000d8cdb158,0x00000000e3280000)
  from space 12800K, 99% used [0x00000000e6600000,0x00000000e727b730,0x00000000e7280000)
  to   space 15872K, 0% used [0x00000000e5380000,0x00000000e5380000,0x00000000e6300000)
 ParOldGen       total 56832K, used 7779K [0x0000000080000000, 0x0000000083780000, 0x00000000d5580000)
  object space 56832K, 13% used [0x0000000080000000,0x0000000080798d90,0x0000000083780000)
 Metaspace       used 34516K, capacity 35330K, committed 35496K, reserved 1079296K
  class space    used 4704K, capacity 4916K, committed 5040K, reserved 1048576K
Event: 7.236 GC heap after
Heap after GC invocations=8 (full 1):
 PSYoungGen      total 275968K, used 10299K [0x00000000d5580000, 0x00000000ee380000, 0x0000000100000000)
  eden space 260096K, 0% used [0x00000000d5580000,0x00000000d5580000,0x00000000e5380000)
  from space 15872K, 64% used [0x00000000e5380000,0x00000000e5d8edd8,0x00000000e6300000)
  to   space 15872K, 0% used [0x00000000ed400000,0x00000000ed400000,0x00000000ee380000)
 ParOldGen       total 56832K, used 7787K [0x0000000080000000, 0x0000000083780000, 0x00000000d5580000)
  object space 56832K, 13% used [0x0000000080000000,0x000000008079ad90,0x0000000083780000)
 Metaspace       used 34516K, capacity 35330K, committed 35496K, reserved 1079296K
  class space    used 4704K, capacity 4916K, committed 5040K, reserved 1048576K
}
Event: 7.236 GC heap before
{Heap before GC invocations=9 (full 2):
 PSYoungGen      total 275968K, used 10299K [0x00000000d5580000, 0x00000000ee380000, 0x0000000100000000)
  eden space 260096K, 0% used [0x00000000d5580000,0x00000000d5580000,0x00000000e5380000)
  from space 15872K, 64% used [0x00000000e5380000,0x00000000e5d8edd8,0x00000000e6300000)
  to   space 15872K, 0% used [0x00000000ed400000,0x00000000ed400000,0x00000000ee380000)
 ParOldGen       total 56832K, used 7787K [0x0000000080000000, 0x0000000083780000, 0x00000000d5580000)
  object space 56832K, 13% used [0x0000000080000000,0x000000008079ad90,0x0000000083780000)
 Metaspace       used 34516K, capacity 35330K, committed 35496K, reserved 1079296K
  class space    used 4704K, capacity 4916K, committed 5040K, reserved 1048576K
Event: 7.368 GC heap after
Heap after GC invocations=9 (full 2):
 PSYoungGen      total 275968K, used 0K [0x00000000d5580000, 0x00000000ee380000, 0x0000000100000000)
  eden space 260096K, 0% used [0x00000000d5580000,0x00000000d5580000,0x00000000e5380000)
  from space 15872K, 0% used [0x00000000e5380000,0x00000000e5380000,0x00000000e6300000)
  to   space 15872K, 0% used [0x00000000ed400000,0x00000000ed400000,0x00000000ee380000)
 ParOldGen       total 87040K, used 16557K [0x0000000080000000, 0x0000000085500000, 0x00000000d5580000)
  object space 87040K, 19% used [0x0000000080000000,0x000000008102b6d0,0x0000000085500000)
 Metaspace       used 34516K, capacity 35330K, committed 35496K, reserved 1079296K
  class space    used 4704K, capacity 4916K, committed 5040K, reserved 1048576K
}

