# JRE version: OpenJDK Runtime Environment (8.0_242-b01) (build 1.8.0_242-release-1644-b01)
# Java VM: OpenJDK 64-Bit Server VM (25.242-b01 mixed mode windows-amd64 compressed oops)
Heap:
 PSYoungGen      total 417792K, used 287300K [0x00000000d5580000, 0x00000000f1380000, 0x0000000100000000)
  eden space 401920K, 67% used [0x00000000d5580000,0x00000000e5e94d30,0x00000000ede00000)
  from space 15872K, 99% used [0x00000000f0400000,0x00000000f137c4d0,0x00000000f1380000)
  to   space 25088K, 0% used [0x00000000ee280000,0x00000000ee280000,0x00000000efb00000)
 ParOldGen       total 110080K, used 46976K [0x0000000080000000, 0x0000000086b80000, 0x00000000d5580000)
  object space 110080K, 42% used [0x0000000080000000,0x0000000082de0248,0x0000000086b80000)
 Metaspace       used 85995K, capacity 89080K, committed 89240K, reserved 1126400K
  class space    used 11257K, capacity 11881K, committed 11952K, reserved 1048576K
GC Heap History (10 events):
Event: 5.903 GC heap before
{Heap before GC invocations=9 (full 2):
 PSYoungGen      total 276992K, used 10362K [0x00000000d5580000, 0x00000000f1380000, 0x0000000100000000)
  eden space 261120K, 0% used [0x00000000d5580000,0x00000000d5580000,0x00000000e5480000)
  from space 15872K, 65% used [0x00000000e5480000,0x00000000e5e9ebe8,0x00000000e6400000)
  to   space 15872K, 0% used [0x00000000f0400000,0x00000000f0400000,0x00000000f1380000)
 ParOldGen       total 53760K, used 7136K [0x0000000080000000, 0x0000000083480000, 0x00000000d5580000)
  object space 53760K, 13% used [0x0000000080000000,0x00000000806f8368,0x0000000083480000)
 Metaspace       used 34523K, capacity 35342K, committed 35496K, reserved 1079296K
  class space    used 4705K, capacity 4920K, committed 5040K, reserved 1048576K
Event: 6.019 GC heap after
Heap after GC invocations=9 (full 2):
 PSYoungGen      total 276992K, used 0K [0x00000000d5580000, 0x00000000f1380000, 0x0000000100000000)
  eden space 261120K, 0% used [0x00000000d5580000,0x00000000d5580000,0x00000000e5480000)
  from space 15872K, 0% used [0x00000000e5480000,0x00000000e5480000,0x00000000e6400000)
  to   space 15872K, 0% used [0x00000000f0400000,0x00000000f0400000,0x00000000f1380000)
 ParOldGen       total 78848K, used 16601K [0x0000000080000000, 0x0000000084d00000, 0x00000000d5580000)
  object space 78848K, 21% used [0x0000000080000000,0x0000000081036538,0x0000000084d00000)
 Metaspace       used 34523K, capacity 35342K, committed 35496K, reserved 1079296K
  class space    used 4705K, capacity 4920K, committed 5040K, reserved 1048576K
}
Event: 28.486 GC heap before
{Heap before GC invocations=10 (full 2):
 PSYoungGen      total 276992K, used 261120K [0x00000000d5580000, 0x00000000f1380000, 0x0000000100000000)
  eden space 261120K, 100% used [0x00000000d5580000,0x00000000e5480000,0x00000000e5480000)
  from space 15872K, 0% used [0x00000000e5480000,0x00000000e5480000,0x00000000e6400000)
  to   space 15872K, 0% used [0x00000000f0400000,0x00000000f0400000,0x00000000f1380000)
 ParOldGen       total 78848K, used 16601K [0x0000000080000000, 0x0000000084d00000, 0x00000000d5580000)
  object space 78848K, 21% used [0x0000000080000000,0x0000000081036538,0x0000000084d00000)
 Metaspace       used 56104K, capacity 58006K, committed 58288K, reserved 1099776K
  class space    used 7587K, capacity 8030K, committed 8112K, reserved 1048576K
Event: 28.543 GC heap after
Heap after GC invocations=10 (full 2):
 PSYoungGen      total 417792K, used 15869K [0x00000000d5580000, 0x00000000f1380000, 0x0000000100000000)
  eden space 401920K, 0% used [0x00000000d5580000,0x00000000d5580000,0x00000000ede00000)
  from space 15872K, 99% used [0x00000000f0400000,0x00000000f137f548,0x00000000f1380000)
  to   space 25088K, 0% used [0x00000000ee280000,0x00000000ee280000,0x00000000efb00000)
 ParOldGen       total 78848K, used 31349K [0x0000000080000000, 0x0000000084d00000, 0x00000000d5580000)
  object space 78848K, 39% used [0x0000000080000000,0x0000000081e9d688,0x0000000084d00000)
 Metaspace       used 56104K, capacity 58006K, committed 58288K, reserved 1099776K
  class space    used 7587K, capacity 8030K, committed 8112K, reserved 1048576K
}
Event: 28.951 GC heap before
{Heap before GC invocations=11 (full 2):
 PSYoungGen      total 417792K, used 38155K [0x00000000d5580000, 0x00000000f1380000, 0x0000000100000000)
  eden space 401920K, 5% used [0x00000000d5580000,0x00000000d6b438d0,0x00000000ede00000)
  from space 15872K, 99% used [0x00000000f0400000,0x00000000f137f548,0x00000000f1380000)
  to   space 25088K, 0% used [0x00000000ee280000,0x00000000ee280000,0x00000000efb00000)
 ParOldGen       total 78848K, used 31349K [0x0000000080000000, 0x0000000084d00000, 0x00000000d5580000)
  object space 78848K, 39% used [0x0000000080000000,0x0000000081e9d688,0x0000000084d00000)
 Metaspace       used 57159K, capacity 59058K, committed 59160K, reserved 1099776K
  class space    used 7727K, capacity 8166K, committed 8240K, reserved 1048576K
Event: 28.974 GC heap after
Heap after GC invocations=11 (full 2):
 PSYoungGen      total 427008K, used 16736K [0x00000000d5580000, 0x00000000f1380000, 0x0000000100000000)
  eden space 401920K, 0% used [0x00000000d5580000,0x00000000d5580000,0x00000000ede00000)
  from space 25088K, 66% used [0x00000000ee280000,0x00000000ef2d82b0,0x00000000efb00000)
  to   space 15872K, 0% used [0x00000000f0400000,0x00000000f0400000,0x00000000f1380000)
 ParOldGen       total 78848K, used 31357K [0x0000000080000000, 0x0000000084d00000, 0x00000000d5580000)
  object space 78848K, 39% used [0x0000000080000000,0x0000000081e9f688,0x0000000084d00000)
 Metaspace       used 57159K, capacity 59058K, committed 59160K, reserved 1099776K
  class space    used 7727K, capacity 8166K, committed 8240K, reserved 1048576K
}
Event: 28.974 GC heap before
{Heap before GC invocations=12 (full 3):
 PSYoungGen      total 427008K, used 16736K [0x00000000d5580000, 0x00000000f1380000, 0x0000000100000000)
  eden space 401920K, 0% used [0x00000000d5580000,0x00000000d5580000,0x00000000ede00000)
  from space 25088K, 66% used [0x00000000ee280000,0x00000000ef2d82b0,0x00000000efb00000)
  to   space 15872K, 0% used [0x00000000f0400000,0x00000000f0400000,0x00000000f1380000)
 ParOldGen       total 78848K, used 31357K [0x0000000080000000, 0x0000000084d00000, 0x00000000d5580000)
  object space 78848K, 39% used [0x0000000080000000,0x0000000081e9f688,0x0000000084d00000)
 Metaspace       used 57159K, capacity 59058K, committed 59160K, reserved 1099776K
  class space    used 7727K, capacity 8166K, committed 8240K, reserved 1048576K
Event: 29.258 GC heap after
Heap after GC invocations=12 (full 3):
 PSYoungGen      total 427008K, used 0K [0x00000000d5580000, 0x00000000f1380000, 0x0000000100000000)
  eden space 401920K, 0% used [0x00000000d5580000,0x00000000d5580000,0x00000000ede00000)
  from space 25088K, 0% used [0x00000000ee280000,0x00000000ee280000,0x00000000efb00000)
  to   space 15872K, 0% used [0x00000000f0400000,0x00000000f0400000,0x00000000f1380000)
 ParOldGen       total 110080K, used 30113K [0x0000000080000000, 0x0000000086b80000, 0x00000000d5580000)
  object space 110080K, 27% used [0x0000000080000000,0x0000000081d68410,0x0000000086b80000)
 Metaspace       used 57143K, capacity 59004K, committed 59160K, reserved 1099776K
  class space    used 7722K, capacity 8157K, committed 8240K, reserved 1048576K
}
Event: 41.351 GC heap before
{Heap before GC invocations=13 (full 3):
 PSYoungGen      total 427008K, used 401920K [0x00000000d5580000, 0x00000000f1380000, 0x0000000100000000)
  eden space 401920K, 100% used [0x00000000d5580000,0x00000000ede00000,0x00000000ede00000)
  from space 25088K, 0% used [0x00000000ee280000,0x00000000ee280000,0x00000000efb00000)
  to   space 15872K, 0% used [0x00000000f0400000,0x00000000f0400000,0x00000000f1380000)
 ParOldGen       total 110080K, used 30113K [0x0000000080000000, 0x0000000086b80000, 0x00000000d5580000)
  object space 110080K, 27% used [0x0000000080000000,0x0000000081d68410,0x0000000086b80000)
 Metaspace       used 69152K, capacity 71702K, committed 71832K, reserved 1112064K
  class space    used 9354K, capacity 9900K, committed 9904K, reserved 1048576K
Event: 41.407 GC heap after
Heap after GC invocations=13 (full 3):
 PSYoungGen      total 417792K, used 15857K [0x00000000d5580000, 0x00000000f1380000, 0x0000000100000000)
  eden space 401920K, 0% used [0x00000000d5580000,0x00000000d5580000,0x00000000ede00000)
  from space 15872K, 99% used [0x00000000f0400000,0x00000000f137c4d0,0x00000000f1380000)
  to   space 25088K, 0% used [0x00000000ee280000,0x00000000ee280000,0x00000000efb00000)
 ParOldGen       total 110080K, used 46976K [0x0000000080000000, 0x0000000086b80000, 0x00000000d5580000)
  object space 110080K, 42% used [0x0000000080000000,0x0000000082de0248,0x0000000086b80000)
 Metaspace       used 69152K, capacity 71702K, committed 71832K, reserved 1112064K
  class space    used 9354K, capacity 9900K, committed 9904K, reserved 1048576K
}

